{"meta": {"format": 3, "version": "7.13.5", "timestamp": "2026-05-30T14:28:32.558687", "branch_coverage": false, "show_contexts": false}, "files": {"agents\\workers\\smartcut_worker.py": {"executed_lines": [8, 9, 11, 13, 16, 18, 19, 20, 23, 24, 25, 27, 28, 30, 32, 33, 34, 35, 36, 37, 38, 40, 42, 43, 45, 46, 47, 48, 49, 50, 53, 54, 55, 56, 57, 58, 61, 62, 65, 66, 67, 68, 69, 70, 71, 72, 73, 74, 75, 77, 78, 79, 81, 83, 89, 90, 93, 94, 95, 96, 97, 98, 100, 102, 110, 111, 112, 113, 116, 117, 118, 119, 120, 122, 123, 124, 127, 128, 129, 130, 135, 136, 137, 139, 140, 143, 144, 145, 146, 148, 149, 151, 160, 161, 162, 163, 165, 166, 167, 172, 173, 175, 177, 178, 186, 189, 192, 194, 195, 197, 202, 204], "summary": {"covered_lines": 112, "num_statements": 112, "percent_covered": 100.0, "percent_covered_display": "100", "missing_lines": 0, "excluded_lines": 0, "percent_statements_covered": 100.0, "percent_statements_covered_display": "100"}, "missing_lines": [], "excluded_lines": [], "functions": {"_get_segment_field": {"executed_lines": [18, 19, 20], "summary": {"covered_lines": 3, "num_statements": 3, "percent_covered": 100.0, "percent_covered_display": "100", "missing_lines": 0, "excluded_lines": 0, "percent_statements_covered": 100.0, "percent_statements_covered_display": "100"}, "missing_lines": [], "excluded_lines": [], "start_line": 16}, "SmartCutWorker.__init__": {"executed_lines": [25], "summary": {"covered_lines": 1, "num_statements": 1, "percent_covered": 100.0, "percent_covered_display": "100", "missing_lines": 0, "excluded_lines": 0, "percent_statements_covered": 100.0, "percent_statements_covered_display": "100"}, "missing_lines": [], "excluded_lines": [], "start_line": 24}, "SmartCutWorker.get_definition_of_done": {"executed_lines": [28], "summary": {"covered_lines": 1, "num_statements": 1, "percent_covered": 100.0, "percent_covered_display": "100", "missing_lines": 0, "excluded_lines": 0, "percent_statements_covered": 100.0, "percent_statements_covered_display": "100"}, "missing_lines": [], "excluded_lines": [], "start_line": 27}, "SmartCutWorker._calculate_total_duration": {"executed_lines": [32, 33, 34, 35, 36, 37, 38], "summary": {"covered_lines": 7, "num_statements": 7, "percent_covered": 100.0, "percent_covered_display": "100", "missing_lines": 0, "excluded_lines": 0, "percent_statements_covered": 100.0, "percent_statements_covered_display": "100"}, "missing_lines": [], "excluded_lines": [], "start_line": 30}, "SmartCutWorker._score_segments": {"executed_lines": [42, 43, 45, 46, 47, 48, 49, 50, 53, 54, 55, 56, 57, 58, 61, 62, 65, 66, 67, 68, 69, 70, 71, 72, 73, 74, 75, 77, 78, 79, 81], "summary": {"covered_lines": 31, "num_statements": 31, "percent_covered": 100.0, "percent_covered_display": "100", "missing_lines": 0, "excluded_lines": 0, "percent_statements_covered": 100.0, "percent_statements_covered_display": "100"}, "missing_lines": [], "excluded_lines": [], "start_line": 40}, "SmartCutWorker._select_segments_by_score": {"executed_lines": [89, 90, 93, 94, 95, 96, 97, 98, 100], "summary": {"covered_lines": 9, "num_statements": 9, "percent_covered": 100.0, "percent_covered_display": "100", "missing_lines": 0, "excluded_lines": 0, "percent_statements_covered": 100.0, "percent_statements_covered_display": "100"}, "missing_lines": [], "excluded_lines": [], "start_line": 83}, "SmartCutWorker._filter_short_runs": {"executed_lines": [110, 111, 112, 113, 116, 117, 118, 119, 120, 122, 123, 124, 127, 128, 129, 130, 135, 136, 137, 139, 140, 143, 144, 145, 146, 148, 149], "summary": {"covered_lines": 27, "num_statements": 27, "percent_covered": 100.0, "percent_covered_display": "100", "missing_lines": 0, "excluded_lines": 0, "percent_statements_covered": 100.0, "percent_statements_covered_display": "100"}, "missing_lines": [], "excluded_lines": [], "start_line": 102}, "SmartCutWorker.execute": {"executed_lines": [160, 161, 162, 163, 165, 166, 167, 172, 173, 175, 177, 178, 186, 189, 192, 194, 195, 197, 202, 204], "summary": {"covered_lines": 20, "num_statements": 20, "percent_covered": 100.0, "percent_covered_display": "100", "missing_lines": 0, "excluded_lines": 0, "percent_statements_covered": 100.0, "percent_statements_covered_display": "100"}, "missing_lines": [], "excluded_lines": [], "start_line": 151}, "": {"executed_lines": [8, 9, 11, 13, 16, 23, 24, 27, 30, 40, 83, 102, 151], "summary": {"covered_lines": 13, "num_statements": 13, "percent_covered": 100.0, "percent_covered_display": "100", "missing_lines": 0, "excluded_lines": 0, "percent_statements_covered": 100.0, "percent_statements_covered_display": "100"}, "missing_lines": [], "excluded_lines": [], "start_line": 1}}, "classes": {"SmartCutWorker": {"executed_lines": [25, 28, 32, 33, 34, 35, 36, 37, 38, 42, 43, 45, 46, 47, 48, 49, 50, 53, 54, 55, 56, 57, 58, 61, 62, 65, 66, 67, 68, 69, 70, 71, 72, 73, 74, 75, 77, 78, 79, 81, 89, 90, 93, 94, 95, 96, 97, 98, 100, 110, 111, 112, 113, 116, 117, 118, 119, 120, 122, 123, 124, 127, 128, 129, 130, 135, 136, 137, 139, 140, 143, 144, 145, 146, 148, 149, 160, 161, 162, 163, 165, 166, 167, 172, 173, 175, 177, 178, 186, 189, 192, 194, 195, 197, 202, 204], "summary": {"covered_lines": 96, "num_statements": 96, "percent_covered": 100.0, "percent_covered_display": "100", "missing_lines": 0, "excluded_lines": 0, "percent_statements_covered": 100.0, "percent_statements_covered_display": "100"}, "missing_lines": [], "excluded_lines": [], "start_line": 23}, "": {"executed_lines": [8, 9, 11, 13, 16, 18, 19, 20, 23, 24, 27, 30, 40, 83, 102, 151], "summary": {"covered_lines": 16, "num_statements": 16, "percent_covered": 100.0, "percent_covered_display": "100", "missing_lines": 0, "excluded_lines": 0, "percent_statements_covered": 100.0, "percent_statements_covered_display": "100"}, "missing_lines": [], "excluded_lines": [], "start_line": 1}}}}, "totals": {"covered_lines": 112, "num_statements": 112, "percent_covered": 100.0, "percent_covered_display": "100", "missing_lines": 0, "excluded_lines": 0, "percent_statements_covered": 100.0, "percent_statements_covered_display": "100"}}